{"/home/kishore/food-deliver-react/src/add.js": {"path":"/home/kishore/food-deliver-react/src/add.js","statementMap":{"0":{"start":{"line":1,"column":12},"end":{"line":3,"column":1}},"1":{"start":{"line":2,"column":4},"end":{"line":2,"column":17}}},"fnMap":{"0":{"name":"(anonymous_0)","decl":{"start":{"line":1,"column":12},"end":{"line":1,"column":13}},"loc":{"start":{"line":1,"column":21},"end":{"line":3,"column":1}},"line":1}},"branchMap":{},"s":{"0":1,"1":1},"f":{"0":1},"b":{},"_coverageSchema":"1a1c01bbd47fc00a2c39e90264f33305004495a9","hash":"581b59607a27b1de2b86669e8b27f3b007912abf"}
,"/home/kishore/food-deliver-react/src/components/Contact.jsx": {"path":"/home/kishore/food-deliver-react/src/components/Contact.jsx","statementMap":{"0":{"start":{"line":4,"column":2},"end":{"line":12,"column":3}}},"fnMap":{"0":{"name":"Contact","decl":{"start":{"line":3,"column":9},"end":{"line":3,"column":16}},"loc":{"start":{"line":3,"column":19},"end":{"line":13,"column":1}},"line":3}},"branchMap":{},"s":{"0":2},"f":{"0":2},"b":{},"_coverageSchema":"1a1c01bbd47fc00a2c39e90264f33305004495a9","hash":"f9acedb78323f699010ea5180de3facf08a98a30"}
}
